-------------------------------------------------------------------------------
Test set: action.DiscreteActionDependentTest
-------------------------------------------------------------------------------
Tests run: 2, Failures: 1, Errors: 0, Skipped: 0, Time elapsed: 0.014 s <<< FAILURE! - in action.DiscreteActionDependentTest
testNextChangesState  Time elapsed: 0.008 s  <<< FAILURE!
java.lang.AssertionError: L'objet devrait être différent après next expected not same
	at action.DiscreteActionDependentTest.testNextChangesState(DiscreteActionDependentTest.java:58)

