-------------------------------------------------------------------------------
Test set: discreteBehaviorSimulator.DiscreteActionSimulatorTest
-------------------------------------------------------------------------------
Tests run: 11, Failures: 2, Errors: 0, Skipped: 0, Time elapsed: 11.731 s <<< FAILURE! - in discreteBehaviorSimulator.DiscreteActionSimulatorTest
testToStringWithEmptyActionsListReturnsStringIndicatingNoActions  Time elapsed: 0.001 s  <<< FAILURE!
org.opentest4j.AssertionFailedError: The string should indicate there are no actions ==> expected: <true> but was: <false>
	at discreteBehaviorSimulator.DiscreteActionSimulatorTest.testToStringWithEmptyActionsListReturnsStringIndicatingNoActions(DiscreteActionSimulatorTest.java:493)

testRunSimulationToCompletionExecutesForDefinedNumberOfLoopsThenStops  Time elapsed: 10.337 s  <<< FAILURE!
org.opentest4j.AssertionFailedError: The simulation should have stopped ==> expected: <false> but was: <true>
	at discreteBehaviorSimulator.DiscreteActionSimulatorTest.testRunSimulationToCompletionExecutesForDefinedNumberOfLoopsThenStops(DiscreteActionSimulatorTest.java:379)

