<?xml version="1.0" encoding="UTF-8"?>
<testsuite xmlns:xsi="http://www.w3.org/2001/XMLSchema-instance" xsi:noNamespaceSchemaLocation="https://maven.apache.org/surefire/maven-surefire-plugin/xsd/surefire-test-report.xsd" name="timer.PeriodicTimerTest" time="0.002" tests="3" errors="0" skipped="0" failures="2">
  <properties/>
  <testcase name="testNext" classname="timer.PeriodicTimerTest" time="0.001">
    <failure message="expected: &lt;3&gt; but was: &lt;10&gt;" type="org.opentest4j.AssertionFailedError"><![CDATA[org.opentest4j.AssertionFailedError: expected: <3> but was: <10>
	at timer.PeriodicTimerTest.testNext(PeriodicTimerTest.java:36)
]]></failure>
  </testcase>
  <testcase name="testHasNextFinished" classname="timer.PeriodicTimerTest" time="0">
    <failure message="expected: &lt;false&gt; but was: &lt;true&gt;" type="org.opentest4j.AssertionFailedError"><![CDATA[org.opentest4j.AssertionFailedError: expected: <false> but was: <true>
	at timer.PeriodicTimerTest.testHasNextFinished(PeriodicTimerTest.java:21)
]]></failure>
  </testcase>
  <testcase name="testGetPeriod" classname="timer.PeriodicTimerTest" time="0"/>
</testsuite>