<?xml version="1.0" encoding="UTF-8"?>
<testsuite xmlns:xsi="http://www.w3.org/2001/XMLSchema-instance" xsi:noNamespaceSchemaLocation="https://maven.apache.org/surefire/maven-surefire-plugin/xsd/surefire-test-report-3.0.xsd" version="3.0" name="discreteBehaviorSimulator.DiscreteActionSimulatorTest" time="11.752" tests="11" errors="0" skipped="0" failures="2">
  <properties/>
  <testcase name="testToStringWithActionsReturnsStringContainingActionsState" classname="discreteBehaviorSimulator.DiscreteActionSimulatorTest" time="0.147"/>
  <testcase name="setNbLoopSetsNegativeNumberOfLoopsAndStepToMinusOne" classname="discreteBehaviorSimulator.DiscreteActionSimulatorTest" time="0.001"/>
  <testcase name="testToStringWithEmptyActionsListReturnsStringIndicatingNoActions" classname="discreteBehaviorSimulator.DiscreteActionSimulatorTest" time="0">
    <failure message="The string should indicate there are no actions ==&gt; expected: &lt;true&gt; but was: &lt;false&gt;" type="org.opentest4j.AssertionFailedError"><![CDATA[org.opentest4j.AssertionFailedError: The string should indicate there are no actions ==> expected: <true> but was: <false>
	at discreteBehaviorSimulator.DiscreteActionSimulatorTest.testToStringWithEmptyActionsListReturnsStringIndicatingNoActions(DiscreteActionSimulatorTest.java:493)
]]></failure>
  </testcase>
  <testcase name="testRunSimulationInfinitelyRunsUntilManuallyStopped" classname="discreteBehaviorSimulator.DiscreteActionSimulatorTest" time="1.012"/>
  <testcase name="testSetNbLoopSetsZeroNumberOfLoopsAndStepToMinusOne" classname="discreteBehaviorSimulator.DiscreteActionSimulatorTest" time="0.001"/>
  <testcase name="testStartSimulationSetsRunningToTrue" classname="discreteBehaviorSimulator.DiscreteActionSimulatorTest" time="0.002"/>
  <testcase name="testSetNbLoopSetsPositiveNumberOfLoopsAndStepToOne" classname="discreteBehaviorSimulator.DiscreteActionSimulatorTest" time="0.001"/>
  <testcase name="testSetMinimumIntegerValueForLoopsSetsNbLoopToZeroAndStepToMinusOne" classname="discreteBehaviorSimulator.DiscreteActionSimulatorTest" time="0.001"/>
  <testcase name="testRunSimulationToCompletionExecutesForDefinedNumberOfLoopsThenStops" classname="discreteBehaviorSimulator.DiscreteActionSimulatorTest" time="10.366">
    <failure message="The simulation should have stopped ==&gt; expected: &lt;false&gt; but was: &lt;true&gt;" type="org.opentest4j.AssertionFailedError"><![CDATA[org.opentest4j.AssertionFailedError: The simulation should have stopped ==> expected: <false> but was: <true>
	at discreteBehaviorSimulator.DiscreteActionSimulatorTest.testRunSimulationToCompletionExecutesForDefinedNumberOfLoopsThenStops(DiscreteActionSimulatorTest.java:379)
]]></failure>
    <system-out><![CDATA[LANCEMENT DU THREAD Discrete Action Simulator 

------------------
TestAuto :1Mock for DiscreteActionInterface, hashCode: 540873723
---------------------

]]></system-out>
  </testcase>
  <testcase name="testRunSimulationWithEmptyActionsListExecutesNoActionsAndStops" classname="discreteBehaviorSimulator.DiscreteActionSimulatorTest" time="0.107"/>
  <testcase name="testStopSimulationSetsRunningToFalse" classname="discreteBehaviorSimulator.DiscreteActionSimulatorTest" time="0.108"/>
</testsuite>