-------------------------------------------------------------------------------
Test set: timer.OneShotTimerTest
-------------------------------------------------------------------------------
Tests run: 3, Failures: 1, Errors: 0, Skipped: 0, Time elapsed: 0 s <<< FAILURE! - in timer.OneShotTimerTest
testHasNextNotFinished  Time elapsed: 0 s  <<< FAILURE!
org.opentest4j.AssertionFailedError: expected: <true> but was: <false>
	at timer.OneShotTimerTest.testHasNextNotFinished(OneShotTimerTest.java:13)

