-------------------------------------------------------------------------------
Test set: timer.TimeBoundedTimerTest
-------------------------------------------------------------------------------
Tests run: 4, Failures: 1, Errors: 0, Skipped: 0, Time elapsed: 0.003 s <<< FAILURE! - in timer.TimeBoundedTimerTest
testHasNextFinished  Time elapsed: 0.002 s  <<< FAILURE!
org.opentest4j.AssertionFailedError: expected: <false> but was: <true>
	at timer.TimeBoundedTimerTest.testHasNextFinished(TimeBoundedTimerTest.java:35)

